Arguments: 
  /usr/local/bin/node /usr/share/yarn/bin/yarn.js add --dev npm-run-all

PATH: 
  /vscode/bin/linux-x64/3b889b090b5ad5793f524b5d1d39fda662b96a2a/bin/remote-cli:/usr/local/share/npm-global/bin:/usr/local/share/nvm/current/bin:/usr/local/share/npm-global/bin:/usr/local/share/nvm/current/bin:/usr/local/sbin:/usr/local/bin:/usr/sbin:/usr/bin:/sbin:/bin:/home/node/.local/bin

Yarn version: 
  1.22.19

Node version: 
  16.15.1

Platform: 
  linux x64

Trace: 
  SyntaxError: /home/node/oras-ts/package.json: Unexpected token } in JSON at position 1536
      at JSON.parse (<anonymous>)
      at /usr/share/yarn/lib/cli.js:1629:59
      at Generator.next (<anonymous>)
      at step (/usr/share/yarn/lib/cli.js:310:30)
      at /usr/share/yarn/lib/cli.js:321:13

npm manifest: 
  {
    "name": "oras-ts",
    "version": "0.0.1",
    "description": "Open Containers Distribution Typescript Implementation (Experimental)",
    "main": "dist/index.js",
    "repository": "https://github.com/joshspicer/oras-ts.git",
    "author": "Github",
    "license": "MIT",
    "devDependencies": {
      "typescript": "^4.7.4"
    },
    "scripts": {
  		"compile": "npm-run-all clean definitions tsc-b",
  		"tsc-b": "tsc -b",
  		"watch": "npm-run-all clean definitions tsc-b-w",
  		"tsc-b-w": "tsc -b -w",
  		"precommit": "node build/hygiene.js",
  		"definitions": "npm-run-all definitions-clean definitions-copy",
  		"lint": "eslint -c .eslintrc.js --rulesdir ./build/eslint --max-warnings 0 --ext .ts ./src",
  		"definitions-clean": "rimraf dist/node_modules/vscode-dev-containers",
  		"definitions-copy": "copyfiles --all \"node_modules/vscode-dev-containers/**/*\" dist",
  		"package": "npm-run-all compile npm-pack",
  		"npm-pack": "npm pack",
  		"clean": "rimraf dist",
  		"test": "env TS_NODE_PROJECT=src/test/tsconfig.json mocha -r ts-node/register --exit src/test/*.test.ts",
  		"test-container-features": "env TS_NODE_PROJECT=src/test/tsconfig.json mocha -r ts-node/register --exit src/test/container-features/**/*.test.ts",
  		"test-container-features-offline": "env TS_NODE_PROJECT=src/test/tsconfig.json mocha -r ts-node/register --exit src/test/container-features/**/*.offline.test.ts",
  		"test-container-features-online": "env TS_NODE_PROJECT=src/test/tsconfig.json mocha -r ts-node/register --exit src/test/container-features/**/*.online.test.ts"
  	},
  }

yarn manifest: 
  No manifest

Lockfile: 
  # THIS IS AN AUTOGENERATED FILE. DO NOT EDIT THIS FILE DIRECTLY.
  # yarn lockfile v1
  
  
  typescript@^4.7.4:
    version "4.7.4"
    resolved "https://registry.yarnpkg.com/typescript/-/typescript-4.7.4.tgz#1a88596d1cf47d59507a1bcdfb5b9dfe4d488235"
    integrity sha512-C0WQT0gezHuw6AdY1M2jxUO83Rjf0HP7Sk1DtXj6j1EwkQNZrHAg2XPWlq62oqEhYvONq5pkC2Y9oPljWToLmQ==
